This is LuaHBTeX, Version 1.16.0 (TeX Live 2023)  (format=lualatex 2023.4.21)  27 JUL 2023 22:34
 restricted system commands enabled.
**ladai11.tex
(./kadai11.tex
LaTeX2e <2022-11-01> patch level 1
Lua module: luaotfload 2022-10-03 3.23 Lua based OpenType font support
Lua module: lualibs 2022-10-04 2.75 ConTeXt Lua standard libraries.
Lua module: lualibs-extended 2022-10-04 2.75 ConTeXt Lua libraries -- extended c
ollection.
luaotfload | conf : Root cache directory is "C:/Users/r1173/scoop/apps/texlive-f
ull/current/texmf-var/luatex-cache/generic/names".
luaotfload | init : Loading fontloader "fontloader-2022-10-03.lua" from kpse-res
olved path "c:/Users/r1173/scoop/apps/texlive-full/current/texmf-dist/tex/luatex
/luaotfload/fontloader-2022-10-03.lua".
Lua-only attribute luaotfload@noligature = 1
luaotfload | init : Context OpenType loader version 3.120
Inserting `luaotfload.node_processor' in `pre_linebreak_filter'.
Inserting `luaotfload.node_processor' in `hpack_filter'.
Inserting `luaotfload.glyph_stream' in `glyph_stream_provider'.
Inserting `luaotfload.define_font' in `define_font'.
Lua-only attribute luaotfload_color_attribute = 2
luaotfload | conf : Root cache directory is "C:/Users/r1173/scoop/apps/texlive-f
ull/current/texmf-var/luatex-cache/generic/names".
Inserting `luaotfload.harf.strip_prefix' in `find_opentype_file'.
Inserting `luaotfload.harf.strip_prefix' in `find_truetype_file'.
Removing  `luaotfload.glyph_stream' from `glyph_stream_provider'.
Inserting `luaotfload.harf.glyphstream' in `glyph_stream_provider'.
Inserting `luaotfload.harf.finalize_vlist' in `post_linebreak_filter'.
Inserting `luaotfload.harf.finalize_hlist' in `hpack_filter'.
Inserting `luaotfload.cleanup_files' in `wrapup_run'.
Inserting `luaotfload.harf.finalize_unicode' in `finish_pdffile'.
Inserting `luaotfload.glyphinfo' in `glyph_info'.
Lua-only attribute luaotfload.letterspace_done = 3
Inserting `luaotfload.aux.set_sscale_dimens' in `luaotfload.patch_font'.
Inserting `luaotfload.aux.set_font_index' in `luaotfload.patch_font'.
Inserting `luaotfload.aux.patch_cambria_domh' in `luaotfload.patch_font'.
Inserting `luaotfload.aux.fixup_fontdata' in `luaotfload.patch_font_unsafe'.
Inserting `luaotfload.aux.set_capheight' in `luaotfload.patch_font'.
Inserting `luaotfload.aux.set_xheight' in `luaotfload.patch_font'.
Inserting `luaotfload.rewrite_fontname' in `luaotfload.patch_font'. L3 programm
ing layer <2023-02-22>
Inserting `tracingstacklevels' in `input_level_string'.
(c:/Users/r1173/scoop/apps/texlive-full/current/texmf-dist/tex/luatex/luatexja/
ltjsarticle.cls
Document Class: ltjsarticle 2022/09/12 ltjsclasses 

(c:/Users/r1173/scoop/apps/texlive-full/current/texmf-dist/tex/luatex/luatexja/
luatexja.sty
Package: luatexja 2023-02-11 Japanese Typesetting with Lua(La)TeX

(c:/Users/r1173/scoop/apps/texlive-full/current/texmf-dist/tex/luatex/luatexja/
luatexja-core.sty
Package: luatexja-core 2023-02-11 Core of LuaTeX-ja

(c:/Users/r1173/scoop/apps/texlive-full/current/texmf-dist/tex/luatex/luatexbas
e/luatexbase.sty
Package: luatexbase 2015/10/04 v1.3 luatexbase interface to LuaTeX 

(c:/Users/r1173/scoop/apps/texlive-full/current/texmf-dist/tex/luatex/ctablesta
ck/ctablestack.sty
Package: ctablestack 2015/10/01 v1.0 Catcode table stable support
\@catcodetablestackcnt=\count183
)
\CatcodeTableOther=\catcodetable12
\CatcodeTableExpl=\catcodetable13
)
(c:/Users/r1173/scoop/apps/texlive-full/current/texmf-dist/tex/generic/ltxcmds/
ltxcmds.sty
Package: ltxcmds 2020-05-10 v1.25 LaTeX kernel commands for general use (HO)
)
(c:/Users/r1173/scoop/apps/texlive-full/current/texmf-dist/tex/generic/pdftexcm
ds/pdftexcmds.sty
Package: pdftexcmds 2020-06-27 v0.33 Utility functions of pdfTeX for LuaTeX (HO
)

(c:/Users/r1173/scoop/apps/texlive-full/current/texmf-dist/tex/generic/infwarer
r/infwarerr.sty
Package: infwarerr 2019/12/03 v1.5 Providing info/warning/error messages (HO)
)
(c:/Users/r1173/scoop/apps/texlive-full/current/texmf-dist/tex/generic/iftex/if
tex.sty
Package: iftex 2022/02/03 v1.0f TeX engine tests
)
Package pdftexcmds Info: \pdf@primitive is available.
Package pdftexcmds Info: \pdf@ifprimitive is available.
Package pdftexcmds Info: \pdfdraftmode found.
\pdftexcmds@toks=\toks16
)
(c:/Users/r1173/scoop/apps/texlive-full/current/texmf-dist/tex/latex/xkeyval/xk
eyval.sty
Package: xkeyval 2022/06/16 v2.9 package option processing (HA)

(c:/Users/r1173/scoop/apps/texlive-full/current/texmf-dist/tex/generic/xkeyval/
xkeyval.tex
(c:/Users/r1173/scoop/apps/texlive-full/current/texmf-dist/tex/generic/xkeyval/
xkvutils.tex
\XKV@toks=\toks17
\XKV@tempa@toks=\toks18

(c:/Users/r1173/scoop/apps/texlive-full/current/texmf-dist/tex/generic/xkeyval/
keyval.tex))
\XKV@depth=\count184
File: xkeyval.tex 2014/12/03 v2.7a key=value parser (HA)
))
(c:/Users/r1173/scoop/apps/texlive-full/current/texmf-dist/tex/latex/etoolbox/e
toolbox.sty
Package: etoolbox 2020/10/05 v2.5k e-TeX tools for LaTeX (JAW)
\etb@tempcnta=\count185
)
(c:/Users/r1173/scoop/apps/texlive-full/current/texmf-dist/tex/latex/everyhook/
everyhook.sty
(c:/Users/r1173/scoop/apps/texlive-full/current/texmf-dist/tex/latex/svn-prov/s
vn-prov.sty
Package: svn-prov 2010/04/24 v3.1862 Package Date/Version from SVN Keywords
)
Package: everyhook 2014/11/26 v1.2 (SVN Rev: 12)\ Hooks for low level TeX every
X primitives.
\everypar=\toks19
\frozen@everymath=\toks20
\frozen@everydisplay=\toks21
\everyhbox=\toks22
\everyvbox=\toks23
\everycr=\toks24
)
\ltjlineendcomment=\count186
\ltj@dimen@zw=\dimen139
\ltj@dimen@zh=\dimen140
\ltj@dimen@jQ=\dimen141
\ltj@icflag=\attribute4
\ltj@curjfnt=\attribute5
\ltj@curtfnt=\attribute6
\ltj@charclass=\attribute7
\ltj@charcode=\attribute8
\ltj@autospc=\attribute9
\ltj@autoxspc=\attribute10
\ltj@yablshift=\attribute11
\ltj@ykblshift=\attribute12
\ltj@tablshift=\attribute13
\ltj@tkblshift=\attribute14
\jfam=\attribute15
\ltj@vert@ori=\attribute16
\ltj@dir=\attribute17
\ltj@@japanese=\language2
\ltj@tempcnta=\count187
\ltj@tempdima=\dimen142
\ltj@@stack=\count188
\ltj@@group@level=\count189
\ltj@kcat0=\attribute18
\ltj@kcat1=\attribute19
\ltj@kcat2=\attribute20
\ltj@kcat3=\attribute21
\ltj@kcat4=\attribute22
\ltj@kcat5=\attribute23
\ltj@kcat6=\attribute24
Custom whatsit inhibitglue = 1
Custom whatsit stack_marker = 2
Custom whatsit begin_par = 3
Custom whatsit direction = 4
Custom whatsit box_boundary = 5
Custom whatsit ja_al_boundary = 6(load cache: ltj-cid-auto-adobe-japan1.luc)
Lua module: luatexja.charrange 2022-08-19 Handling the range of Japanese charact
ers
Lua module: luatexja.stack 2022-08-20 LuaTeX-ja stack system
Inserting `ltj.create_dir_whatsit' in `hpack_filter'.
Inserting `ltj.create_dir_whatsit' in `post_linebreak_filter'.
Inserting `ltj.direction' in `vpack_filter'.
Inserting `ltj.direction' in `pre_output_filter'.
Inserting `ltj.lineskip' in `post_linebreak_filter'.
Inserting `ltj.lineskip' in `append_to_vlist_filter'.
Lua module: luatexja.jfont 2022-08-20 Loader for Japanese fonts
Removing  `luaotfload.define_font' from `define_font'.
Inserting `luatexja.font_callback' in `define_font'.
Removing  `luaotfload.aux.set_sscale_dimens' from `luaotfload.patch_font'.
Removing  `luaotfload.aux.set_font_index' from `luaotfload.patch_font'.
Removing  `luaotfload.aux.patch_cambria_domh' from `luaotfload.patch_font'.
Removing  `luaotfload.aux.set_capheight' from `luaotfload.patch_font'.
Removing  `luaotfload.aux.set_xheight' from `luaotfload.patch_font'.
Removing  `luaotfload.rewrite_fontname' from `luaotfload.patch_font'.
Inserting `ltj.prepare_extra_data' in `luaotfload.patch_font'.
Inserting `luaotfload.aux.set_sscale_dimens' in `luaotfload.patch_font'.
Inserting `luaotfload.aux.set_font_index' in `luaotfload.patch_font'.
Inserting `luaotfload.aux.patch_cambria_domh' in `luaotfload.patch_font'.
Inserting `luaotfload.aux.set_capheight' in `luaotfload.patch_font'.
Inserting `luaotfload.aux.set_xheight' in `luaotfload.patch_font'.
Inserting `luaotfload.rewrite_fontname' in `luaotfload.patch_font'.
Inserting `ltj.prepare_extra_data' in `luatexja.define_font'.
Inserting `ltj.get_vert_form' in `luatexja.define_jfont'.
Removing  `ltj.prepare_extra_data' from `luaotfload.patch_font'.
Removing  `luaotfload.aux.set_sscale_dimens' from `luaotfload.patch_font'.
Removing  `luaotfload.aux.set_font_index' from `luaotfload.patch_font'.
Removing  `luaotfload.aux.patch_cambria_domh' from `luaotfload.patch_font'.
Removing  `luaotfload.aux.set_capheight' from `luaotfload.patch_font'.
Removing  `luaotfload.aux.set_xheight' from `luaotfload.patch_font'.
Removing  `luaotfload.rewrite_fontname' from `luaotfload.patch_font'.
Inserting `ltj.supply_tounicode' in `luaotfload.patch_font'.
Inserting `ltj.prepare_extra_data' in `luaotfload.patch_font'.
Inserting `luaotfload.aux.set_sscale_dimens' in `luaotfload.patch_font'.
Inserting `luaotfload.aux.set_font_index' in `luaotfload.patch_font'.
Inserting `luaotfload.aux.patch_cambria_domh' in `luaotfload.patch_font'.
Inserting `luaotfload.aux.set_capheight' in `luaotfload.patch_font'.
Inserting `luaotfload.aux.set_xheight' in `luaotfload.patch_font'.
Inserting `luaotfload.rewrite_fontname' in `luaotfload.patch_font'.
Inserting `ltj.process_input_buffer' in `process_input_buffer'.
Inserting `ltj.hyphenate' in `hyphenate'.
Removing  `luaotfload.node_processor' from `hpack_filter'.
Removing  `luaotfload.harf.finalize_hlist' from `hpack_filter'.
Removing  `ltj.create_dir_whatsit' from `hpack_filter'.
Inserting `ltj.set_stack_level' in `hpack_filter'.
Inserting `luaotfload.node_processor' in `hpack_filter'.
Inserting `luaotfload.harf.finalize_hlist' in `hpack_filter'.
Inserting `ltj.create_dir_whatsit' in `hpack_filter'.
Removing  `luaotfload.node_processor' from `pre_linebreak_filter'.
Inserting `ltj.set_stack_level' in `pre_linebreak_filter'.
Inserting `luaotfload.node_processor' in `pre_linebreak_filter'.
Lua module: luatexja.jfmglue 2022-08-29 Insertion process of JFM glues, [x]kanji
skip and others
Inserting `luatexja.beginpar.np_info' in `luatexja.jfmglue.whatsit_getinfo'.
Inserting `luatexja.beginpar.np_info_after' in `luatexja.jfmglue.whatsit_after'.
Inserting `ltj.mlist_to_hlist_pre' in `pre_mlist_to_hlist_filter'.
Inserting `ltj.main' in `pre_linebreak_filter'.
Removing  `luaotfload.harf.finalize_hlist' from `hpack_filter'.
Removing  `ltj.create_dir_whatsit' from `hpack_filter'.
Inserting `ltj.main' in `hpack_filter'.
Inserting `luaotfload.harf.finalize_hlist' in `hpack_filter'.
Inserting `ltj.create_dir_whatsit' in `hpack_filter'.
Removing  `ltj.set_stack_level' from `pre_linebreak_filter'.
Removing  `luaotfload.node_processor' from `pre_linebreak_filter'.
Removing  `ltj.main' from `pre_linebreak_filter'.
Inserting `ltj.adjust_icflag' in `pre_linebreak_filter'.
Inserting `ltj.set_stack_level' in `pre_linebreak_filter'.
Inserting `luaotfload.node_processor' in `pre_linebreak_filter'.
Inserting `ltj.main' in `pre_linebreak_filter'.
Removing  `ltj.set_stack_level' from `hpack_filter'.
Removing  `luaotfload.node_processor' from `hpack_filter'.
Removing  `ltj.main' from `hpack_filter'.
Removing  `luaotfload.harf.finalize_hlist' from `hpack_filter'.
Removing  `ltj.create_dir_whatsit' from `hpack_filter'.
Inserting `ltj.adjust_icflag' in `hpack_filter'.
Inserting `ltj.set_stack_level' in `hpack_filter'.
Inserting `luaotfload.node_processor' in `hpack_filter'.
Inserting `ltj.main' in `hpack_filter'.
Inserting `luaotfload.harf.finalize_hlist' in `hpack_filter'.
Inserting `ltj.create_dir_whatsit' in `hpack_filter'.
(c:/Users/r1173/scoop/apps/texlive-full/current/texmf-dist/tex/luatex/luatexja/
ltj-base.sty
Package: ltj-base 2021-03-16
\ltj@tempcntb=\count190
\ltj@tempcntc=\count191
\ltj@afbox=\box51
)
\ltj@@italic@inner=\luafunction26
\ltj@@start@time@measure@inner=\luafunction27
\ltj@@stop@time@measure@inner=\luafunction28
\ltj@@jfont@inner=\luafunction29
\ltj@zw@inner=\luafunction30
\ltj@zh@inner=\luafunction31
\ltj@reset@globaldefs@inner=\luafunction32
\ltj@restore@globaldefs@inner=\luafunction33
\ltj@@disihb@inner=\luafunction34
\ltj@@ihb@inner=\luafunction35
\ltj@@fakeparbegin@inner=\luafunction36
\ltj@@fakeboxbdd@inner=\luafunction37
\ltj@@ins@xk@inner=\luafunction38
\ltj@@ins@k@inner=\luafunction39
\ltjsetkanjiskip@inner=\luafunction40
\ltjsetxkanjiskip@inner=\luafunction41
\ltj@@getparam@one@inner=\luafunction42
\ltj@alljachar@inner=\luafunction43
\ltj@@lua@populate@insertwhatsit@inner=\luafunction44
\ltj@@vadjust@begin@inner=\luafunction45
\ltj@@vadjust@dirhook@inner=\luafunction46
\ltj@@vadjust@check@dir@inner=\luafunction47
\ltj@@box@dirhook@inner=\luafunction48
\ltj@@reset@badness@inner=\luafunction49
\ltj@@lua@raisebox@inner=\luafunction50
\ltj@@vsplit@inner=\luafunction51
\ltj@@lua@unboxcheckdir@inner=\luafunction52
\ltj@@lua@uncopycheckdir@inner=\luafunction53
\ltj@@lua@uncopy@restore@whatsit@inner=\luafunction54
(load cache: ltj-kinsoku_default.luc)
(c:/Users/r1173/scoop/apps/texlive-full/current/texmf-dist/tex/luatex/luatexja/
ltj-latex.sty
Package: ltj-latex 2022-10-15 LaTeX support of LuaTeX-ja
Inserting `ltj.direction' in `pre_shipout_filter'.
(c:/Users/r1173/scoop/apps/texlive-full/current/texmf-dist/tex/luatex/luatexja/
patches/lltjfont.sty
Package: lltjfont 2021-05-26 Patch to NFSS2 for LuaTeX-ja
\ltj@@latex@plv=\count192

(c:/Users/r1173/scoop/apps/texlive-full/current/texmf-dist/tex/latex/base/tuenc
.def
File: tuenc.def 2021/04/29 v2.0v Standard LaTeX file
\@remove@tlig@@@=\luafunction55
LaTeX Font Info:    Redeclaring font encoding TU on input line 105.
)
\Cht=\dimen143
\cht=\dimen144
\Cdp=\dimen145
\cdp=\dimen146
\Cwd=\dimen147
\cwd=\dimen148
\Cvs=\dimen149
\cvs=\dimen150
\Chs=\dimen151
\chs=\dimen152
\cHT=\dimen153
\dstrutbox=\box52
\tstrutbox=\box53
\zstrutbox=\box54
LaTeX Info: Redefining \strut on input line 91.
\ltj@@add@fenc@@inner=\luafunction56
\ltj@@add@kyenc@@inner=\luafunction57
\ltj@@add@ktenc@@inner=\luafunction58
\ltj@@is@kyenc@@inner=\luafunction59
\ltj@@is@ktenc@@inner=\luafunction60
\ltj@@is@kenc@@inner=\luafunction61
\ltj@@is@ffam@@inner=\luafunction62
\ltj@@add@ffam@@inner=\luafunction63
\ltj@@add@kfam@@inner=\luafunction64
\ltj@@adjust@baseline@inner=\luafunction65
LaTeX Info: Redefining \fontencoding on input line 646.
LaTeX Info: Redefining \fontfamily on input line 689.
LaTeX Info: Redefining \fontseries on input line 923.
LaTeX Info: Redefining \fontseriesforce on input line 924.
LaTeX Info: Redefining \fontshape on input line 944.
LaTeX Info: Redefining \fontshapeforce on input line 955.
\ltj@@jfont@@jfmonly@@inner=\luafunction66
\ltj@@does@alt@set@@inner=\luafunction67
)
(c:/Users/r1173/scoop/apps/texlive-full/current/texmf-dist/tex/luatex/luatexja/
patches/lltjdefs.sty
Package: lltjdefs 2022-01-23 Default font settings of LuaTeX-ja
luaotfload | db : Font names database loaded from C:/Users/r1173/scoop/apps/texl
ive-full/current/texmf-var/luatex-cache/generic/names/luaotfload-names.luc.gz(lo
ad cache: extra_lmroman10-regular.luc)
LaTeX Font Info:    Font shape `JT3/mc/m/n' will be
(Font)              scaled to size 9.24713pt on input line 79.

(c:/Users/r1173/scoop/apps/texlive-full/current/texmf-dist/tex/luatex/luatexja/j
fm-ujisv.lua)
LaTeX Font Info:    Font shape `JY3/mc/m/n' will be
(Font)              scaled to size 9.24713pt on input line 79.
(load cache: extra_haranoajimincho-regular.luc)
(c:/Users/r1173/scoop/apps/texlive-full/current/texmf-dist/tex/luatex/luatexja/j
fm-ujis.lua)
\symmincho=\mathgroup4
LaTeX Font Info:    Overwriting symbol font `mincho' in version `bold'
(Font)                  JY3/mc/m/n --> JY3/gt/m/n on input line 88.
)
(c:/Users/r1173/scoop/apps/texlive-full/current/texmf-dist/tex/luatex/luatexja/
patches/lltjcore.sty
Package: lltjcore 2022-05-30 Patch to LaTeX2e Kernel for LuaTeX-ja

(c:/Users/r1173/scoop/apps/texlive-full/current/texmf-dist/tex/latex/l3kernel/e
xpl3.sty
Package: expl3 2023-02-22 L3 programming layer (loader) 

(c:/Users/r1173/scoop/apps/texlive-full/current/texmf-dist/tex/latex/l3backend/
l3backend-luatex.def
File: l3backend-luatex.def 2023-01-16 L3 backend support: PDF output (LuaTeX)
\l__color_backend_stack_int=\count193
\l__pdf_internal_box=\box55
))
\@tombowwidth=\dimen154
\@TL=\box56
\@Tl=\box57
\@TC=\box58
\@TR=\box59
\@Tr=\box60
\@BL=\box61
\@Bl=\box62
\@BC=\box63
\@BR=\box64
\@Br=\box65
\@CL=\box66
\@CR=\box67
(load cache: extra_lmmono9-regular.luc)
\@bannertoken=\toks25
\@@paperheight=\dimen155
\@@paperwidth=\dimen156
\@@topmargin=\dimen157
LaTeX Info: Redefining \underline on input line 266.
)
(c:/Users/r1173/scoop/apps/texlive-full/current/texmf-dist/tex/luatex/luatexja/
patches/lltjp-atbegshi.sty
Package: lltjp-atbegshi 2022-08-12 Patching \shipout hooks for LuaTeX-ja
\l__platex_shipout_dummy_box=\box68
)
(c:/Users/r1173/scoop/apps/texlive-full/current/texmf-dist/tex/luatex/luatexja/
patches/lltjp-geometry.sty
Package: lltjp-geometry 2021-10-24 Patch to geometry for LuaTeX-ja with vertica
l writing mode

(c:/Users/r1173/scoop/apps/texlive-full/current/texmf-dist/tex/generic/iftex/if
luatex.sty
Package: ifluatex 2019/10/25 v1.5 ifluatex legacy package. Use iftex instead.
)))
\ltj@temp@cctb=\catcodetable14
)
(c:/Users/r1173/scoop/apps/texlive-full/current/texmf-dist/tex/luatex/luatexja/
luatexja-compat.sty
Package: luatexja-compat 2020-08-08 Compatibility with pTeX
(load cache: ltj-jisx0208.luc)
\hour=\count194
\minute=\count195
))
\jsc@mpt=\dimen158
\jsc@mmm=\dimen159
\jsc@smallskipamount=\skip48
LaTeX Font Info:    Font shape `JY3/mc/m/n' will be
(Font)              scaled to size 9.24713pt on input line 416.
\fullwidth=\dimen160
(load cache: extra_lmroman8-regular.luc)
LaTeX Font Info:    Font shape `JT3/mc/m/n' will be
(Font)              scaled to size 7.3977pt on input line 557.
LaTeX Font Info:    Font shape `JY3/mc/m/n' will be
(Font)              scaled to size 7.3977pt on input line 557.
\c@part=\count196
\c@section=\count197
\c@subsection=\count198
\c@subsubsection=\count199
\c@paragraph=\count266
\c@subparagraph=\count267
\@abstractbox=\box69
\c@figure=\count268
\c@table=\count269
\abovecaptionskip=\skip49
\belowcaptionskip=\skip50
LaTeX Info: Redefining \mc on input line 1210.
LaTeX Info: Redefining \gt on input line 1211.
\jsc@tocl@width=\dimen161
\@lnumwidth=\dimen162
\bibindent=\dimen163

(c:/Users/r1173/scoop/apps/texlive-full/current/texmf-dist/tex/platex/jsclasses
/jslogo.sty
Package: jslogo 2019/07/25 okumura, texjporg
LaTeX Info: Redefining \TeX on input line 82.
LaTeX Info: Redefining \LaTeX on input line 135.
LaTeX Info: Redefining \LaTeXe on input line 188.
)
\heisei=\count270

(c:/Users/r1173/scoop/apps/texlive-full/current/texmf-dist/tex/latex/sttools/st
floats.sty
Package: stfloats 2017/03/27 v3.3 Improve float mechanism and baselineskip sett
ings
\@dblbotnum=\count271
\c@dblbotnumber=\count272
)
(c:/Users/r1173/scoop/apps/texlive-full/current/texmf-dist/tex/luatex/luatexja/
patches/lltjp-stfloats.sty))
(c:/Users/r1173/scoop/apps/texlive-full/current/texmf-dist/tex/latex/listings/l
istings.sty
\lst@mode=\count273
\lst@gtempboxa=\box70
\lst@token=\toks26
\lst@length=\count274
\lst@currlwidth=\dimen164
\lst@column=\count275
\lst@pos=\count276
\lst@lostspace=\dimen165
\lst@width=\dimen166
\lst@newlines=\count277
\lst@lineno=\count278
\lst@maxwidth=\dimen167

(c:/Users/r1173/scoop/apps/texlive-full/current/texmf-dist/tex/latex/listings/l
stmisc.sty
File: lstmisc.sty 2023/02/27 1.9 (Carsten Heinz)
\c@lstnumber=\count279
\lst@skipnumbers=\count280
\lst@framebox=\box71
)

! Package Listings Error: Couldn't load requested aspect.

See the Listings package documentation for explanation.
Type  H <return>  for immediate help.
 ...                                              
                                                  
l.2279 \lst@RequireAspects\lst@loadaspects
                                        
? 

(c:/Users/r1173/scoop/apps/texlive-full/current/texmf-dist/tex/latex/listings/l
istings.cfg
File: listings.cfg 2023/02/27 1.9 listings configuration
))
Package: listings 2023/02/27 1.9 (Carsten Heinz)

(c:/Users/r1173/scoop/apps/texlive-full/current/texmf-dist/tex/luatex/luatexja/
patches/lltjp-listings.sty
(c:/Users/r1173/scoop/apps/texlive-full/current/texmf-dist/tex/luatex/luatexbas
e/luatexbase-cctb.sty
Package: luatexbase-cctb 2015/10/04 v1.3 luatexbase interface to LuaTeX (legacy
 subpackage) 
)
\ltj@lst@japanese@min=\count281
\CatcodeTableLTJlistings=\catcodetable15
\ltj@lst@frame@lslimit=\dimen168

(c:/Users/r1173/scoop/apps/texlive-full/current/texmf-dist/tex/latex/listings/l
stmisc.sty
File: lstmisc.sty 2023/02/27 1.9 (Carsten Heinz)
\lst@WFtoken=\toks27
\lst@WF=\write3
))
(c:/Users/r1173/scoop/apps/texlive-full/current/texmf-dist/tex/latex/jvlisting/
jvlisting.sty
Package: jvlisting 2011/11/17 v0.7 Formatted Program Listings
\jvl@idt=\count282
\jvl@tmphyphenchar=\count283
\jvl@fileinput=\read2
\listingskipamount=\skip51
\listingindent=\dimen169
\prelistingpenalty=\count284
\listingpenalty=\count285
\postlistingpenalty=\count286
)

! LaTeX Error: Unknown option `a4paper' for package `jvlisting'.

See the LaTeX manual or LaTeX Companion for explanation.
Type  H <return>  for immediate help.
 ...                                              
                                                  
l.3 \usepackage
             {graphicx}
? 

(c:/Users/r1173/scoop/apps/texlive-full/current/texmf-dist/tex/latex/graphics/g
raphicx.sty
Package: graphicx 2021/09/16 v1.2d Enhanced LaTeX Graphics (DPC,SPQR)

(c:/Users/r1173/scoop/apps/texlive-full/current/texmf-dist/tex/latex/graphics/g
raphics.sty
Package: graphics 2022/03/10 v1.4e Standard LaTeX Graphics (DPC,SPQR)

(c:/Users/r1173/scoop/apps/texlive-full/current/texmf-dist/tex/latex/graphics/t
rig.sty
Package: trig 2021/08/11 v1.11 sin cos tan (DPC)
)
(c:/Users/r1173/scoop/apps/texlive-full/current/texmf-dist/tex/latex/graphics-c
fg/graphics.cfg
File: graphics.cfg 2016/06/04 v1.11 sample graphics configuration
)
Package graphics Info: Driver file: luatex.def on input line 107.

(c:/Users/r1173/scoop/apps/texlive-full/current/texmf-dist/tex/latex/graphics-d
ef/luatex.def
File: luatex.def 2022/09/22 v1.2d Graphics/color driver for luatex
))
\Gin@req@height=\dimen170
\Gin@req@width=\dimen171
) (./kadai11.aux)
\openout1 = kadai11.aux

LaTeX Font Info:    Checking defaults for OML/cmm/m/it on input line 25.
LaTeX Font Info:    ... okay on input line 25.
LaTeX Font Info:    Checking defaults for OMS/cmsy/m/n on input line 25.
LaTeX Font Info:    ... okay on input line 25.
LaTeX Font Info:    Checking defaults for OT1/cmr/m/n on input line 25.
LaTeX Font Info:    ... okay on input line 25.
LaTeX Font Info:    Checking defaults for T1/cmr/m/n on input line 25.
LaTeX Font Info:    ... okay on input line 25.
LaTeX Font Info:    Checking defaults for TS1/cmr/m/n on input line 25.
LaTeX Font Info:    Trying to load font information for TS1+cmr on input line 2
5.

(c:/Users/r1173/scoop/apps/texlive-full/current/texmf-dist/tex/latex/base/ts1cm
r.fd
File: ts1cmr.fd 2022/07/10 v2.5l Standard LaTeX font definitions
)
LaTeX Font Info:    ... okay on input line 25.
LaTeX Font Info:    Checking defaults for TU/lmr/m/n on input line 25.
LaTeX Font Info:    ... okay on input line 25.
LaTeX Font Info:    Checking defaults for OMX/cmex/m/n on input line 25.
LaTeX Font Info:    ... okay on input line 25.
LaTeX Font Info:    Checking defaults for U/cmr/m/n on input line 25.
LaTeX Font Info:    ... okay on input line 25.
LaTeX Font Info:    Checking defaults for JY3/mc/m/n on input line 25.
LaTeX Font Info:    ... okay on input line 25.
LaTeX Font Info:    Checking defaults for JT3/mc/m/n on input line 25.
LaTeX Font Info:    ... okay on input line 25.
\c@lstlisting=\count287

(c:/Users/r1173/scoop/apps/texlive-full/current/texmf-dist/tex/context/base/mki
i/supp-pdf.mkii
[Loading MPS to PDF converter (version 2006.09.02).]
\scratchcounter=\count288
\scratchdimen=\dimen172
\scratchbox=\box72
\nofMPsegments=\count289
\nofMParguments=\count290
\everyMPshowfont=\toks28
\MPscratchCnt=\count291
\MPscratchDim=\dimen173
\MPnumerator=\count292
\makeMPintoPDFobject=\count293
\everyMPtoPDFconversion=\toks29
)
(c:/Users/r1173/scoop/apps/texlive-full/current/texmf-dist/tex/latex/epstopdf-p
kg/epstopdf-base.sty
Package: epstopdf-base 2020-01-24 v2.11 Base part for package epstopdf
Package epstopdf-base Info: Redefining graphics rule for `.eps' on input line 4
85.

(c:/Users/r1173/scoop/apps/texlive-full/current/texmf-dist/tex/latex/latexconfi
g/epstopdf-sys.cfg
File: epstopdf-sys.cfg 2010/07/13 v1.3 Configuration of (r)epstopdf for TeX Liv
e
))(load cache: extra_lmroman17-regular.luc)
LaTeX Font Info:    Font shape `JT3/mc/m/n' will be
(Font)              scaled to size 15.97903pt on input line 29.
LaTeX Font Info:    Font shape `JY3/mc/m/n' will be
(Font)              scaled to size 15.97903pt on input line 29.
(load cache: extra_lmroman12-regular.luc)
LaTeX Font Info:    Font shape `JT3/mc/m/n' will be
(Font)              scaled to size 11.09656pt on input line 29.
LaTeX Font Info:    Font shape `JY3/mc/m/n' will be
(Font)              scaled to size 11.09656pt on input line 29.
LaTeX Font Info:    External font `cmex10' loaded for size
(Font)              <12> on input line 29.
LaTeX Font Info:    External font `cmex10' loaded for size
(Font)              <8> on input line 29.
LaTeX Font Info:    External font `cmex10' loaded for size
(Font)              <6> on input line 29.
LaTeX Font Info:    Font shape `JY3/mc/m/n' will be
(Font)              scaled to size 5.54828pt on input line 29.
 [1

{c:/Users/r1173/scoop/apps/texlive-full/current/texmf-var/fonts/map/pdftex/updma
p/pdftex.map}]
LaTeX Font Info:    Font shape `JT3/mc/m/n' will be
(Font)              scaled to size 13.31586pt on input line 31.
LaTeX Font Info:    Font shape `JY3/mc/m/n' will be
(Font)              scaled to size 13.31586pt on input line 31.
LaTeX Font Info:    Font shape `JT3/gt/m/n' will be
(Font)              scaled to size 13.31586pt on input line 31.
LaTeX Font Info:    Font shape `JY3/gt/m/n' will be
(Font)              scaled to size 13.31586pt on input line 31.
(load cache: extra_haranoajigothic-medium.luc)(load cache: extra_lmsans12-regula
r.luc)
LaTeX Font Info:    Font shape `JT3/gt/m/n' will be
(Font)              scaled to size 11.09656pt on input line 32.
LaTeX Font Info:    Font shape `JY3/gt/m/n' will be
(Font)              scaled to size 11.09656pt on input line 32.
(load cache: extra_lmroman10-bold.luc)
LaTeX Font Info:    Font shape `JT3/mc/b/n' in size <10> not available
(Font)              Font shape `JT3/gt/m/n' tried instead on input line 33.
LaTeX Font Info:    Font shape `JT3/gt/m/n' will be
(Font)              scaled to size 9.24713pt on input line 33.
LaTeX Font Info:    Font shape `JY3/mc/b/n' in size <10> not available
(Font)              Font shape `JY3/gt/m/n' tried instead on input line 33.
LaTeX Font Info:    Font shape `JY3/gt/m/n' will be
(Font)              scaled to size 9.24713pt on input line 33.


LaTeX Warning: Reference `kadai1' on page 2 undefined on input line 33.

(load cache: extra_lmroman9-regular.luc)
LaTeX Font Info:    Font shape `JT3/mc/m/n' will be
(Font)              scaled to size 8.32242pt on input line 35.
LaTeX Font Info:    Font shape `JY3/mc/m/n' will be
(Font)              scaled to size 8.32242pt on input line 35.
(load cache: extra_lmmono10-regular.luc)
LaTeX Font Info:    Font shape `JT3/gt/m/n' will be
(Font)              scaled to size 9.24713pt on input line 35.
! Illegal unit of measure (pt inserted).
<to be read again> 
\advance 
l.35 ...tlisting}[caption=kadai11-1.py,label=kadai1]
                                                  
? 
! Illegal unit of measure (pt inserted).
<to be read again> 
\advance 
l.35 ...tlisting}[caption=kadai11-1.py,label=kadai1]
                                                  
? 
! Illegal unit of measure (pt inserted).
<to be read again> 
\relax 
l.35 ...tlisting}[caption=kadai11-1.py,label=kadai1]
                                                  
? 
Removing  `ltj.process_input_buffer' from `process_input_buffer'.
Inserting `ltj.listings_unicode' in `process_input_buffer'.
Inserting `ltj.process_input_buffer' in `process_input_buffer'.(load cache: extr
a_lmroman7-regular.luc)
LaTeX Font Info:    Font shape `JT3/mc/m/n' will be
(Font)              scaled to size 6.47299pt on input line 36.
LaTeX Font Info:    Font shape `JY3/mc/m/n' will be
(Font)              scaled to size 6.47299pt on input line 36.
! Illegal unit of measure (pt inserted).
<to be read again> 
}
l.36     def 
           class_average(X, y, img_size):
? 
LaTeX Font Info:    Font shape `JT3/gt/m/n' will be
(Font)              scaled to size 8.32242pt on input line 36.
LaTeX Font Info:    Font shape `JY3/gt/m/n' will be
(Font)              scaled to size 8.32242pt on input line 36.
! Illegal unit of measure (pt inserted).
<to be read again> 
}
l.37     A 
         = []
? 
! Illegal unit of measure (pt inserted).
<to be read again> 
}
l.38     for 
           i in range(10):
? 
! Illegal unit of measure (pt inserted).
<to be read again> 
}
l.39         x 
             = X[y == i]
? 
! Illegal unit of measure (pt inserted).
<to be read again> 
}
l.40         x 
             = x.mean(0)
? 
! Illegal unit of measure (pt inserted).
<to be read again> 
}
l.41         A.
             append(x.reshape(img_size))
? 
! Illegal unit of measure (pt inserted).
<to be read again> 
}
l.42     return 
              A
? 
Removing  `ltj.listings_unicode' from `process_input_buffer'. [2]

LaTeX Warning: Reference `kadai2' on page 3 undefined on input line 51.

! Illegal unit of measure (pt inserted).
<to be read again> 
\advance 
l.52 ...tlisting}[caption=kadai11-2.py,label=kadai2]
                                                  
? 
! Illegal unit of measure (pt inserted).
<to be read again> 
\advance 
l.52 ...tlisting}[caption=kadai11-2.py,label=kadai2]
                                                  
? 
! Illegal unit of measure (pt inserted).
<to be read again> 
\relax 
l.52 ...tlisting}[caption=kadai11-2.py,label=kadai2]
                                                  
? 
Removing  `ltj.process_input_buffer' from `process_input_buffer'.
Inserting `ltj.listings_unicode' in `process_input_buffer'.
Inserting `ltj.process_input_buffer' in `process_input_buffer'.
! Illegal unit of measure (pt inserted).
<to be read again> 
}
l.53     def 
           cross_validate(clf_type, X, y, cv):
? 
! Illegal unit of measure (pt inserted).
<to be read again> 
}
l.55         if 
              clf_type == 'kNN':
? 
! Illegal unit of measure (pt inserted).
<to be read again> 
}
l.55         if 
              clf_type == 'kNN':
? 
! Illegal unit of measure (pt inserted).
<to be read again> 
}
l.56             clf 
                   = sklearn.neighbors.KNeighborsClassifier()
? 
! Illegal unit of measure (pt inserted).
<to be read again> 
}
l.57         if 
              clf_type == 'MLP':
? 
! Illegal unit of measure (pt inserted).
<to be read again> 
}
l.58             clf 
                   = sklearn.neural_network.MLPClassifier()
? 
! Illegal unit of measure (pt inserted).
<to be read again> 
}
l.59         if 
              clf_type == 'NaiveBayes':
? 
! Illegal unit of measure (pt inserted).
<to be read again> 
}
l.60             clf 
                   = sklearn.naive_bayes.GaussianNB()
? 
! Illegal unit of measure (pt inserted).
<to be read again> 
}
l.61         if 
              clf_type == 'SVM':
? 
! Illegal unit of measure (pt inserted).
<to be read again> 
}
l.62             clf 
                   = sklearn.svm.SVC()
? 
! Illegal unit of measure (pt inserted).
<to be read again> 
}
l.63         scores 
                  = sklearn.model_selection.cross_validate(clf, X, y, cv=cv,...
? 
! Illegal unit of measure (pt inserted).
<to be read again> 
}
l.65         return 
                  scores['train_score'],scores['test_score']
? 
! Illegal unit of measure (pt inserted).
<to be read again> 
}
l.65         return 
                  scores['train_score'],scores['test_score']
? 
Removing  `ltj.listings_unicode' from `process_input_buffer'.
! Illegal unit of measure (pt inserted).
<to be read again> 
\advance 
l.71 ...n{lstlisting}[caption=output, label=result2]
                                                  
? 
! Illegal unit of measure (pt inserted).
<to be read again> 
\advance 
l.71 ...n{lstlisting}[caption=output, label=result2]
                                                  
? 
! Illegal unit of measure (pt inserted).
<to be read again> 
\relax 
l.71 ...n{lstlisting}[caption=output, label=result2]
                                                  
? 
Removing  `ltj.process_input_buffer' from `process_input_buffer'.
Inserting `ltj.listings_unicode' in `process_input_buffer'.
Inserting `ltj.process_input_buffer' in `process_input_buffer'.
! Illegal unit of measure (pt inserted).
<to be read again> 
}
l.72     Performed 
                 by kNN
? 
! Illegal unit of measure (pt inserted).
<to be read again> 
}
l.73         Train 
                 score:    99.05%
? 
! Illegal unit of measure (pt inserted).
<to be read again> 
}
l.74         Test 
                score:     97.11%
? 
! Illegal unit of measure (pt inserted).
<to be read again> 
}
l.75     Performed 
                 by MLP
? 
! Illegal unit of measure (pt inserted).
<to be read again> 
}
l.76         Train 
                 score:    100.00%
? 
! Illegal unit of measure (pt inserted).
<to be read again> 
}
l.77         Test 
                score:     95.55%
? 
! Illegal unit of measure (pt inserted).
<to be read again> 
}
l.78     Performed 
                 by NaiveBayes
? 
! Illegal unit of measure (pt inserted).
<to be read again> 
}
l.79         Train 
                 score:    86.18%
? 
! Illegal unit of measure (pt inserted).
<to be read again> 
}
l.80         Test 
                score:     81.14%
? 
! Illegal unit of measure (pt inserted).
<to be read again> 
}
l.81     Performed 
                 by SVM
? 
! Illegal unit of measure (pt inserted).
<to be read again> 
}
l.82         Train 
                 score:    99.67%
? 
! Illegal unit of measure (pt inserted).
<to be read again> 
}
l.83         Test 
                score:     97.00%
? 
Removing  `ltj.listings_unicode' from `process_input_buffer'. [3]
LaTeX Font Info:    External font `cmex10' loaded for size
(Font)              <7> on input line 89.
LaTeX Font Info:    External font `cmex10' loaded for size
(Font)              <5> on input line 89.
LaTeX Font Info:    Font shape `JY3/mc/m/n' will be
(Font)              scaled to size 4.62357pt on input line 89.


LaTeX Warning: Reference `kadai3' on page 4 undefined on input line 91.

! Illegal unit of measure (pt inserted).
<to be read again> 
\advance 
l.92 ...listing}[caption=kadai11-3.py, label=kadai3]
                                                  
? 
! Illegal unit of measure (pt inserted).
<to be read again> 
\advance 
l.92 ...listing}[caption=kadai11-3.py, label=kadai3]
                                                  
? 
! Illegal unit of measure (pt inserted).
<to be read again> 
\relax 
l.92 ...listing}[caption=kadai11-3.py, label=kadai3]
                                                  
? 
Removing  `ltj.process_input_buffer' from `process_input_buffer'.
Inserting `ltj.listings_unicode' in `process_input_buffer'.
Inserting `ltj.process_input_buffer' in `process_input_buffer'.
! Illegal unit of measure (pt inserted).
<to be read again> 
}
l.93     def 
           load_img(test_img_number):
? 
! Illegal unit of measure (pt inserted).
<to be read again> 
}
l.94         img 
               = Image.open(str(test_img_number)+'.jpg')
? 
! Illegal unit of measure (pt inserted).
<to be read again> 
}
l.95         img_gray 
                    = img.convert('L')
? 
! Illegal unit of measure (pt inserted).
<to be read again> 
}
l.96         img_invert 
                      = ImageOps.invert(img_gray)
? 
! Illegal unit of measure (pt inserted).
<to be read again> 
}
l.97         img_resize 
                      = img_invert.resize(img_size)
? 
! Illegal unit of measure (pt inserted).
<to be read again> 
}
l.98         img_array 
                     = np.array(img_resize)/16
? 
! Illegal unit of measure (pt inserted).
<to be read again> 
}
l.99         img_reshape 
                       = img_array.reshape([-1, np.prod(img_size)])
? 
! Illegal unit of measure (pt inserted).
<to be read again> 
}
l.100         return 
                   np.array(img_reshape[0])
? 
Removing  `ltj.listings_unicode' from `process_input_buffer'.
! Illegal unit of measure (pt inserted).
<to be read again> 
\advance 
l.106 ...{lstlisting}[caption=output, label=result3]
                                                  
? 
! Illegal unit of measure (pt inserted).
<to be read again> 
\advance 
l.106 ...{lstlisting}[caption=output, label=result3]
                                                  
? 
! Illegal unit of measure (pt inserted).
<to be read again> 
\relax 
l.106 ...{lstlisting}[caption=output, label=result3]
                                                  
? 
Removing  `ltj.process_input_buffer' from `process_input_buffer'.
Inserting `ltj.listings_unicode' in `process_input_buffer'.
Inserting `ltj.process_input_buffer' in `process_input_buffer'.
! Illegal unit of measure (pt inserted).
<to be read again> 
}
l.107     Test 
             class 0 image --> classified into class 4.
? 
! Illegal unit of measure (pt inserted).
<to be read again> 
}
l.108     Test 
             class 1 image --> classified into class 1.
? 
! Illegal unit of measure (pt inserted).
<to be read again> 
}
l.109     Test 
             class 2 image --> classified into class 8.
? 
! Illegal unit of measure (pt inserted).
<to be read again> 
}
l.110     Test 
             class 3 image --> classified into class 3.
? 
! Illegal unit of measure (pt inserted).
<to be read again> 
}
l.111     Test 
             class 4 image --> classified into class 4.
? 
! Illegal unit of measure (pt inserted).
<to be read again> 
}
l.112     Test 
             class 5 image --> classified into class 4.
? 
! Illegal unit of measure (pt inserted).
<to be read again> 
}
l.113     Test 
             class 6 image --> classified into class 4.
? 
! Illegal unit of measure (pt inserted).
<to be read again> 
}
l.114     Test 
             class 7 image --> classified into class 7.
? 
! Illegal unit of measure (pt inserted).
<to be read again> 
}
l.115     Test 
             class 8 image --> classified into class 8.
? 
! Illegal unit of measure (pt inserted).
<to be read again> 
}
l.116     Test 
             class 9 image --> classified into class 9.
? 
Removing  `ltj.listings_unicode' from `process_input_buffer'. [4]
<output11-1.png, id=28, 462.528pt x 346.896pt>
File: output11-1.png Graphic file (type png)
<use output11-1.png>
Package luatex.def Info: output11-1.png  used on input line 123.
(luatex.def)             Requested size: 462.52686pt x 346.89514pt.

Overfull \hbox (9.41742pt too wide) in paragraph at lines 123--123
 [] 
 []

<output11-3.png, id=29, 462.528pt x 346.896pt>
File: output11-3.png Graphic file (type png)
<use output11-3.png>
Package luatex.def Info: output11-3.png  used on input line 125.
(luatex.def)             Requested size: 462.52686pt x 346.89514pt.

Overfull \hbox (9.41742pt too wide) in paragraph at lines 125--125
 [][] 
 []

[5<./output11-1.png>] [6<./output11-3.png>] (./kadai11.aux)

LaTeX Warning: There were undefined references.


LaTeX Warning: Label(s) may have changed. Rerun to get cross-references right.

)

Here is how much of LuaTeX's memory you used:
 6026 strings out of 478285
 382276,1977958 words of node,token memory allocated
 802 words of node memory still in use:
   7 hlist, 1 vlist, 4 rule, 2 glue, 3 kern, 1 glyph, 129 attribute, 51 glue_spe
c, 20 attribute_list, 1 write, 9 user_defined nodes
   avail lists: 1:44,2:57504,3:182,4:8272,5:5026,6:76,7:5562,8:38,9:11292,10:26,
11:518
 25921 multiletter control sequences out of 65536+600000
 59 fonts using 52650215 bytes
 118i,6n,112p,1785b,675s stack positions out of 10000i,1000n,20000p,200000b,200000s
<c:/Users/r1173/scoop/apps/texlive-full/current/texmf-dist/fonts/opentype/public
/lm/lmmono10-regular.otf><c:/Users/r1173/scoop/apps/texlive-full/current/texmf-d
ist/fonts/opentype/public/lm/lmmono9-regular.otf><c:/Users/r1173/scoop/apps/texl
ive-full/current/texmf-dist/fonts/opentype/public/lm/lmroman7-regular.otf><c:/Us
ers/r1173/scoop/apps/texlive-full/current/texmf-dist/fonts/opentype/public/lm/lm
roman9-regular.otf><c:/Users/r1173/scoop/apps/texlive-full/current/texmf-dist/fo
nts/opentype/public/lm/lmroman10-bold.otf><c:/Users/r1173/scoop/apps/texlive-ful
l/current/texmf-dist/fonts/opentype/public/lm/lmsans12-regular.otf><c:/Users/r11
73/scoop/apps/texlive-full/current/texmf-dist/fonts/opentype/public/haranoaji/Ha
ranoAjiGothic-Medium.otf><c:/Users/r1173/scoop/apps/texlive-full/current/texmf-d
ist/fonts/opentype/public/lm/lmroman10-regular.otf><c:/Users/r1173/scoop/apps/te
xlive-full/current/texmf-dist/fonts/opentype/public/lm/lmroman12-regular.otf><c:
/Users/r1173/scoop/apps/texlive-full/current/texmf-dist/fonts/opentype/public/lm
/lmroman17-regular.otf><c:/Users/r1173/scoop/apps/texlive-full/current/texmf-dis
t/fonts/opentype/public/haranoaji/HaranoAjiMincho-Regular.otf><c:/Users/r1173/sc
oop/apps/texlive-full/current/texmf-dist/fonts/type1/public/amsfonts/cm/cmmi10.p
fb><c:/Users/r1173/scoop/apps/texlive-full/current/texmf-dist/fonts/type1/public
/amsfonts/cm/cmr10.pfb>
Output written on kadai11.pdf (6 pages, 92721 bytes).

PDF statistics: 112 PDF objects out of 1000 (max. 8388607)
 64 compressed objects within 1 object stream
 0 named destinations out of 1000 (max. 131072)
 1 words of extra memory for PDF output out of 10000 (max. 100000000)

